2020-02-25 12:03:29.8184 Info Message Template Auto Format enabled
2020-02-25 12:03:29.8514 Info Adding target ColoredConsoleTarget(Name=console)
2020-02-25 12:03:29.8624 Info Adding target FileTarget(Name=InfoFile)
2020-02-25 12:03:29.8624 Info Adding target FileTarget(Name=ErrorFile)
2020-02-25 12:03:29.8894 Info Found 63 configuration items
2020-02-25 12:03:29.9054 Info Configuration initialized.
2020-02-25 12:03:29.9054 Info NLog, Version=4.0.0.0, Culture=neutral, PublicKeyToken=5120e14c03d0593c. File version: 4.6.8.10751. Product version: 4.6.8.
2020-02-25 12:03:56.2658 Info Message Template Auto Format enabled
2020-02-25 12:03:56.2999 Info Adding target ColoredConsoleTarget(Name=console)
2020-02-25 12:03:56.2999 Info Adding target FileTarget(Name=InfoFile)
2020-02-25 12:03:56.2999 Info Adding target FileTarget(Name=ErrorFile)
2020-02-25 12:03:56.3389 Info Found 63 configuration items
2020-02-25 12:03:56.3549 Info Configuration initialized.
2020-02-25 12:03:56.3549 Info NLog, Version=4.0.0.0, Culture=neutral, PublicKeyToken=5120e14c03d0593c. File version: 4.6.8.10751. Product version: 4.6.8.
2020-02-25 12:04:21.8286 Info Message Template Auto Format enabled
2020-02-25 12:04:21.8636 Info Adding target ColoredConsoleTarget(Name=console)
2020-02-25 12:04:21.8636 Info Adding target FileTarget(Name=InfoFile)
2020-02-25 12:04:21.8786 Info Adding target FileTarget(Name=ErrorFile)
2020-02-25 12:04:21.9046 Info Found 63 configuration items
2020-02-25 12:04:21.9216 Info Configuration initialized.
2020-02-25 12:04:21.9216 Info NLog, Version=4.0.0.0, Culture=neutral, PublicKeyToken=5120e14c03d0593c. File version: 4.6.8.10751. Product version: 4.6.8.
2020-02-25 12:05:39.1581 Info Message Template Auto Format enabled
2020-02-25 12:05:39.1941 Info Adding target ColoredConsoleTarget(Name=console)
2020-02-25 12:05:39.1941 Info Adding target FileTarget(Name=InfoFile)
2020-02-25 12:05:39.2061 Info Adding target FileTarget(Name=ErrorFile)
2020-02-25 12:05:39.2341 Info Found 63 configuration items
2020-02-25 12:05:39.2571 Info Configuration initialized.
2020-02-25 12:05:39.2571 Info NLog, Version=4.0.0.0, Culture=neutral, PublicKeyToken=5120e14c03d0593c. File version: 4.6.8.10751. Product version: 4.6.8.
2020-02-25 12:06:18.7330 Info Message Template Auto Format enabled
2020-02-25 12:06:18.7700 Info Adding target ColoredConsoleTarget(Name=console)
2020-02-25 12:06:18.7700 Info Adding target FileTarget(Name=InfoFile)
2020-02-25 12:06:18.7700 Info Adding target FileTarget(Name=ErrorFile)
2020-02-25 12:06:18.8110 Info Found 63 configuration items
2020-02-25 12:06:18.8310 Info Configuration initialized.
2020-02-25 12:06:18.8310 Info NLog, Version=4.0.0.0, Culture=neutral, PublicKeyToken=5120e14c03d0593c. File version: 4.6.8.10751. Product version: 4.6.8.
2020-02-25 12:44:35.4256 Info Message Template Auto Format enabled
2020-02-25 12:44:35.4666 Info Adding target ColoredConsoleTarget(Name=console)
2020-02-25 12:44:35.4796 Info Adding target FileTarget(Name=InfoFile)
2020-02-25 12:44:35.4796 Info Adding target FileTarget(Name=ErrorFile)
2020-02-25 12:44:35.5116 Info Found 63 configuration items
2020-02-25 12:44:35.5286 Info Configuration initialized.
2020-02-25 12:44:35.5286 Info NLog, Version=4.0.0.0, Culture=neutral, PublicKeyToken=5120e14c03d0593c. File version: 4.6.8.10751. Product version: 4.6.8.
2020-02-25 12:45:05.4173 Info Message Template Auto Format enabled
2020-02-25 12:45:05.4524 Info Adding target ColoredConsoleTarget(Name=console)
2020-02-25 12:45:05.4644 Info Adding target FileTarget(Name=InfoFile)
2020-02-25 12:45:05.4644 Info Adding target FileTarget(Name=ErrorFile)
2020-02-25 12:45:05.4934 Info Found 63 configuration items
2020-02-25 12:45:05.5124 Info Configuration initialized.
2020-02-25 12:45:05.5124 Info NLog, Version=4.0.0.0, Culture=neutral, PublicKeyToken=5120e14c03d0593c. File version: 4.6.8.10751. Product version: 4.6.8.
2020-02-25 12:51:49.5074 Info Message Template Auto Format enabled
2020-02-25 12:51:49.5434 Info Adding target ColoredConsoleTarget(Name=console)
2020-02-25 12:51:49.5544 Info Adding target FileTarget(Name=InfoFile)
2020-02-25 12:51:49.5544 Info Adding target FileTarget(Name=ErrorFile)
2020-02-25 12:51:49.5844 Info Found 63 configuration items
2020-02-25 12:51:49.6014 Info Configuration initialized.
2020-02-25 12:51:49.6014 Info NLog, Version=4.0.0.0, Culture=neutral, PublicKeyToken=5120e14c03d0593c. File version: 4.6.8.10751. Product version: 4.6.8.
2020-02-25 12:57:23.0020 Info Message Template Auto Format enabled
2020-02-25 12:57:23.0390 Info Adding target ColoredConsoleTarget(Name=console)
2020-02-25 12:57:23.0500 Info Adding target FileTarget(Name=InfoFile)
2020-02-25 12:57:23.0500 Info Adding target FileTarget(Name=ErrorFile)
2020-02-25 12:57:23.0850 Info Found 63 configuration items
2020-02-25 12:57:23.1010 Info Configuration initialized.
2020-02-25 12:57:23.1010 Info NLog, Version=4.0.0.0, Culture=neutral, PublicKeyToken=5120e14c03d0593c. File version: 4.6.8.10751. Product version: 4.6.8.
2020-02-25 13:01:54.7794 Info Message Template Auto Format enabled
2020-02-25 13:01:54.8124 Info Adding target ColoredConsoleTarget(Name=console)
2020-02-25 13:01:54.8214 Info Adding target FileTarget(Name=InfoFile)
2020-02-25 13:01:54.8214 Info Adding target FileTarget(Name=ErrorFile)
2020-02-25 13:01:54.8484 Info Found 63 configuration items
2020-02-25 13:01:54.8634 Info Configuration initialized.
2020-02-25 13:01:54.8634 Info NLog, Version=4.0.0.0, Culture=neutral, PublicKeyToken=5120e14c03d0593c. File version: 4.6.8.10751. Product version: 4.6.8.
2020-02-25 13:17:24.9957 Info Message Template Auto Format enabled
2020-02-25 13:17:25.0307 Info Adding target ColoredConsoleTarget(Name=console)
2020-02-25 13:17:25.0407 Info Adding target FileTarget(Name=InfoFile)
2020-02-25 13:17:25.0407 Info Adding target FileTarget(Name=ErrorFile)
2020-02-25 13:17:25.0678 Info Found 63 configuration items
2020-02-25 13:17:25.0858 Info Configuration initialized.
2020-02-25 13:17:25.0858 Info NLog, Version=4.0.0.0, Culture=neutral, PublicKeyToken=5120e14c03d0593c. File version: 4.6.8.10751. Product version: 4.6.8.
2020-02-25 13:19:26.0766 Info Message Template Auto Format enabled
2020-02-25 13:19:26.1096 Info Adding target ColoredConsoleTarget(Name=console)
2020-02-25 13:19:26.1196 Info Adding target FileTarget(Name=InfoFile)
2020-02-25 13:19:26.1196 Info Adding target FileTarget(Name=ErrorFile)
2020-02-25 13:19:26.1466 Info Found 63 configuration items
2020-02-25 13:19:26.1616 Info Configuration initialized.
2020-02-25 13:19:26.1616 Info NLog, Version=4.0.0.0, Culture=neutral, PublicKeyToken=5120e14c03d0593c. File version: 4.6.8.10751. Product version: 4.6.8.
2020-02-25 13:20:53.0045 Info Message Template Auto Format enabled
2020-02-25 13:20:53.0375 Info Adding target ColoredConsoleTarget(Name=console)
2020-02-25 13:20:53.0375 Info Adding target FileTarget(Name=InfoFile)
2020-02-25 13:20:53.0375 Info Adding target FileTarget(Name=ErrorFile)
2020-02-25 13:20:53.0755 Info Found 63 configuration items
2020-02-25 13:20:53.0915 Info Configuration initialized.
2020-02-25 13:20:53.0915 Info NLog, Version=4.0.0.0, Culture=neutral, PublicKeyToken=5120e14c03d0593c. File version: 4.6.8.10751. Product version: 4.6.8.
2020-02-25 13:25:56.4645 Info Message Template Auto Format enabled
2020-02-25 13:25:56.4985 Info Adding target ColoredConsoleTarget(Name=console)
2020-02-25 13:25:56.5085 Info Adding target FileTarget(Name=InfoFile)
2020-02-25 13:25:56.5085 Info Adding target FileTarget(Name=ErrorFile)
2020-02-25 13:25:56.5365 Info Found 63 configuration items
2020-02-25 13:25:56.5535 Info Configuration initialized.
2020-02-25 13:25:56.5535 Info NLog, Version=4.0.0.0, Culture=neutral, PublicKeyToken=5120e14c03d0593c. File version: 4.6.8.10751. Product version: 4.6.8.
2020-02-25 13:26:32.2292 Info Message Template Auto Format enabled
2020-02-25 13:26:32.2672 Info Adding target ColoredConsoleTarget(Name=console)
2020-02-25 13:26:32.2782 Info Adding target FileTarget(Name=InfoFile)
2020-02-25 13:26:32.2782 Info Adding target FileTarget(Name=ErrorFile)
2020-02-25 13:26:32.3072 Info Found 63 configuration items
2020-02-25 13:26:32.3232 Info Configuration initialized.
2020-02-25 13:26:32.3232 Info NLog, Version=4.0.0.0, Culture=neutral, PublicKeyToken=5120e14c03d0593c. File version: 4.6.8.10751. Product version: 4.6.8.
2020-02-25 13:29:44.7696 Info Message Template Auto Format enabled
2020-02-25 13:29:44.8066 Info Adding target ColoredConsoleTarget(Name=console)
2020-02-25 13:29:44.8176 Info Adding target FileTarget(Name=InfoFile)
2020-02-25 13:29:44.8176 Info Adding target FileTarget(Name=ErrorFile)
2020-02-25 13:29:44.8456 Info Found 63 configuration items
2020-02-25 13:29:44.8636 Info Configuration initialized.
2020-02-25 13:29:44.8636 Info NLog, Version=4.0.0.0, Culture=neutral, PublicKeyToken=5120e14c03d0593c. File version: 4.6.8.10751. Product version: 4.6.8.
2020-02-25 13:33:38.3150 Info Message Template Auto Format enabled
2020-02-25 13:33:38.3480 Info Adding target ColoredConsoleTarget(Name=console)
2020-02-25 13:33:38.3480 Info Adding target FileTarget(Name=InfoFile)
2020-02-25 13:33:38.3480 Info Adding target FileTarget(Name=ErrorFile)
2020-02-25 13:33:38.3840 Info Found 63 configuration items
2020-02-25 13:33:38.4000 Info Configuration initialized.
2020-02-25 13:33:38.4000 Info NLog, Version=4.0.0.0, Culture=neutral, PublicKeyToken=5120e14c03d0593c. File version: 4.6.8.10751. Product version: 4.6.8.
